Buildfile: D:\Dropbox\GadgetFactory\GadgetFactory_Engineering\ZAP--ZPUino-Arduino-Papilio--IDE\build\build.xml

build:

revision-check:
     [echo] Latest revision detected in shared/revision.txt is: 2.3.0
     [echo] Revision in Base.java is: 0152

windows-checkos:

subprojects-build:

compile:
  [methods] No changes to PApplet API.

build:

compile:
    [javac] Compiling 1 source file to D:\Dropbox\GadgetFactory\GadgetFactory_Engineering\ZAP--ZPUino-Arduino-Papilio--IDE\app\bin
    [javac] warning: [options] bootstrap class path not set in conjunction with -source 1.5
    [javac] warning: [options] source value 1.5 is obsolete and will be removed in a future release
    [javac] warning: [options] target value 1.5 is obsolete and will be removed in a future release
    [javac] warning: [options] To suppress warnings about obsolete options, use -Xlint:-options.
    [javac] D:\Dropbox\GadgetFactory\GadgetFactory_Engineering\ZAP--ZPUino-Arduino-Papilio--IDE\app\src\processing\app\Base.java:43: warning: '_' used as an identifier
    [javac] import static processing.app.I18n._;
    [javac]                                   ^
    [javac]   (use of '_' as an identifier might not be supported in releases after Java SE 8)
    [javac] D:\Dropbox\GadgetFactory\GadgetFactory_Engineering\ZAP--ZPUino-Arduino-Papilio--IDE\app\src\processing\app\Base.java:195: warning: '_' used as an identifier
    [javac]         System.err.println(_("Non-fatal error while setting the Look & Feel."));
    [javac]                            ^
    [javac]   (use of '_' as an identifier might not be supported in releases after Java SE 8)
    [javac] D:\Dropbox\GadgetFactory\GadgetFactory_Engineering\ZAP--ZPUino-Arduino-Papilio--IDE\app\src\processing\app\Base.java:196: warning: '_' used as an identifier
    [javac]         System.err.println(_("The error message follows, however Arduino should run fine."));
    [javac]                            ^
    [javac]   (use of '_' as an identifier might not be supported in releases after Java SE 8)
    [javac] D:\Dropbox\GadgetFactory\GadgetFactory_Engineering\ZAP--ZPUino-Arduino-Papilio--IDE\app\src\processing\app\Base.java:231: warning: '_' used as an identifier
    [javac]       Base.showError(_("Problem Setting the Platform"),
    [javac]                      ^
    [javac]   (use of '_' as an identifier might not be supported in releases after Java SE 8)
    [javac] D:\Dropbox\GadgetFactory\GadgetFactory_Engineering\ZAP--ZPUino-Arduino-Papilio--IDE\app\src\processing\app\Base.java:232: warning: '_' used as an identifier
    [javac]                      _("An unknown error occurred while trying to load\n" +
    [javac]                      ^
    [javac]   (use of '_' as an identifier might not be supported in releases after Java SE 8)
    [javac] D:\Dropbox\GadgetFactory\GadgetFactory_Engineering\ZAP--ZPUino-Arduino-Papilio--IDE\app\src\processing\app\Base.java:243: warning: '_' used as an identifier
    [javac]       Base.showError(_("Please install JDK 1.5 or later"),
    [javac]                      ^
    [javac]   (use of '_' as an identifier might not be supported in releases after Java SE 8)
    [javac] D:\Dropbox\GadgetFactory\GadgetFactory_Engineering\ZAP--ZPUino-Arduino-Papilio--IDE\app\src\processing\app\Base.java:244: warning: '_' used as an identifier
    [javac]                      _("Arduino requires a full JDK (not just a JRE)\n" +
    [javac]                      ^
    [javac]   (use of '_' as an identifier might not be supported in releases after Java SE 8)
    [javac] D:\Dropbox\GadgetFactory\GadgetFactory_Engineering\ZAP--ZPUino-Arduino-Papilio--IDE\app\src\processing\app\Base.java:266: warning: '_' used as an identifier
    [javac]         Base.showWarning(_("Sketchbook folder disappeared"),
    [javac]                          ^
    [javac]   (use of '_' as an identifier might not be supported in releases after Java SE 8)
    [javac] D:\Dropbox\GadgetFactory\GadgetFactory_Engineering\ZAP--ZPUino-Arduino-Papilio--IDE\app\src\processing\app\Base.java:267: warning: '_' used as an identifier
    [javac]                 _("The sketchbook folder no longer exists.\n" +
    [javac]                 ^
    [javac]   (use of '_' as an identifier might not be supported in releases after Java SE 8)
    [javac] D:\Dropbox\GadgetFactory\GadgetFactory_Engineering\ZAP--ZPUino-Arduino-Papilio--IDE\app\src\processing\app\Base.java:346: warning: '_' used as an identifier
    [javac]         System.out.println(_("Can't open source sketch!"));
    [javac]                            ^
    [javac]   (use of '_' as an identifier might not be supported in releases after Java SE 8)
    [javac] D:\Dropbox\GadgetFactory\GadgetFactory_Engineering\ZAP--ZPUino-Arduino-Papilio--IDE\app\src\processing\app\Base.java:634: warning: '_' used as an identifier
    [javac]           Base.showWarning(_("Time for a Break"),
    [javac]                            ^
    [javac]   (use of '_' as an identifier might not be supported in releases after Java SE 8)
    [javac] D:\Dropbox\GadgetFactory\GadgetFactory_Engineering\ZAP--ZPUino-Arduino-Papilio--IDE\app\src\processing\app\Base.java:635: warning: '_' used as an identifier
    [javac]                            _("You've reached the limit for auto naming of new sketches\n" +
    [javac]                            ^
    [javac]   (use of '_' as an identifier might not be supported in releases after Java SE 8)
    [javac] D:\Dropbox\GadgetFactory\GadgetFactory_Engineering\ZAP--ZPUino-Arduino-Papilio--IDE\app\src\processing\app\Base.java:639: warning: '_' used as an identifier
    [javac]           Base.showWarning(_("Sunshine"),
    [javac]                            ^
    [javac]   (use of '_' as an identifier might not be supported in releases after Java SE 8)
    [javac] D:\Dropbox\GadgetFactory\GadgetFactory_Engineering\ZAP--ZPUino-Arduino-Papilio--IDE\app\src\processing\app\Base.java:640: warning: '_' used as an identifier
    [javac]                            _("No really, time for some fresh air for you."), null);
    [javac]                            ^
    [javac]   (use of '_' as an identifier might not be supported in releases after Java SE 8)
    [javac] D:\Dropbox\GadgetFactory\GadgetFactory_Engineering\ZAP--ZPUino-Arduino-Papilio--IDE\app\src\processing\app\Base.java:739: warning: '_' used as an identifier
    [javac]                                    _("Open an Arduino sketch..."),
    [javac]                                    ^
    [javac]   (use of '_' as an identifier might not be supported in releases after Java SE 8)
    [javac] D:\Dropbox\GadgetFactory\GadgetFactory_Engineering\ZAP--ZPUino-Arduino-Papilio--IDE\app\src\processing\app\Base.java:877: warning: '_' used as an identifier
    [javac]           _("<html> " +
    [javac]           ^
    [javac]   (use of '_' as an identifier might not be supported in releases after Java SE 8)
    [javac] D:\Dropbox\GadgetFactory\GadgetFactory_Engineering\ZAP--ZPUino-Arduino-Papilio--IDE\app\src\processing\app\Base.java:887: warning: '_' used as an identifier
    [javac]                                                   _("Quit"),
    [javac]                                                   ^
    [javac]   (use of '_' as an identifier might not be supported in releases after Java SE 8)
    [javac] D:\Dropbox\GadgetFactory\GadgetFactory_Engineering\ZAP--ZPUino-Arduino-Papilio--IDE\app\src\processing\app\Base.java:1007: warning: '_' used as an identifier
    [javac]     item = Editor.newJMenuItem(_("Open..."), 'O');
    [javac]                                ^
    [javac]   (use of '_' as an identifier might not be supported in releases after Java SE 8)
    [javac] D:\Dropbox\GadgetFactory\GadgetFactory_Engineering\ZAP--ZPUino-Arduino-Papilio--IDE\app\src\processing\app\Base.java:1071: warning: '_' used as an identifier
    [javac]     JMenuItem addLibraryMenuItem = new JMenuItem(_("Add Library..."));
    [javac]                                                  ^
    [javac]   (use of '_' as an identifier might not be supported in releases after Java SE 8)
    [javac] D:\Dropbox\GadgetFactory\GadgetFactory_Engineering\ZAP--ZPUino-Arduino-Papilio--IDE\app\src\processing\app\Base.java:1096: warning: '_' used as an identifier
    [javac]           String notused = _("Arduino AVR Boards");
    [javac]                            ^
    [javac]   (use of '_' as an identifier might not be supported in releases after Java SE 8)
    [javac] D:\Dropbox\GadgetFactory\GadgetFactory_Engineering\ZAP--ZPUino-Arduino-Papilio--IDE\app\src\processing\app\Base.java:1097: warning: '_' used as an identifier
    [javac]           notused = _("Arduino ARM (32-bits) Boards");
    [javac]                     ^
    [javac]   (use of '_' as an identifier might not be supported in releases after Java SE 8)
    [javac] D:\Dropbox\GadgetFactory\GadgetFactory_Engineering\ZAP--ZPUino-Arduino-Papilio--IDE\app\src\processing\app\Base.java:1100: warning: '_' used as an identifier
    [javac]         JMenuItem platformItem = new JMenuItem(_(targetname));
    [javac]                                                ^
    [javac]   (use of '_' as an identifier might not be supported in releases after Java SE 8)
    [javac] D:\Dropbox\GadgetFactory\GadgetFactory_Engineering\ZAP--ZPUino-Arduino-Papilio--IDE\app\src\processing\app\Base.java:1186: warning: '_' used as an identifier
    [javac]         String mess = I18n.format(_("The library \"{0}\" cannot be used.\n"
    [javac]                                   ^
    [javac]   (use of '_' as an identifier might not be supported in releases after Java SE 8)
    [javac] D:\Dropbox\GadgetFactory\GadgetFactory_Engineering\ZAP--ZPUino-Arduino-Papilio--IDE\app\src\processing\app\Base.java:1190: warning: '_' used as an identifier
    [javac]         Base.showMessage(_("Ignoring bad library name"), mess);
    [javac]                          ^
    [javac]   (use of '_' as an identifier might not be supported in releases after Java SE 8)
    [javac] D:\Dropbox\GadgetFactory\GadgetFactory_Engineering\ZAP--ZPUino-Arduino-Papilio--IDE\app\src\processing\app\Base.java:1259: warning: '_' used as an identifier
    [javac]         showWarning(_("Error"), I18n.format("Unable to list header files in {0}", subfolder), e);
    [javac]                     ^
    [javac]   (use of '_' as an identifier might not be supported in releases after Java SE 8)
    [javac] D:\Dropbox\GadgetFactory\GadgetFactory_Engineering\ZAP--ZPUino-Arduino-Papilio--IDE\app\src\processing\app\Base.java:1269: warning: '_' used as an identifier
    [javac]     JMenu boardsMenu = makeOrGetBoardMenu(toolsMenu, _("Board"));
    [javac]                                                      ^
    [javac]   (use of '_' as an identifier might not be supported in releases after Java SE 8)
    [javac] D:\Dropbox\GadgetFactory\GadgetFactory_Engineering\ZAP--ZPUino-Arduino-Papilio--IDE\app\src\processing\app\Base.java:1302: warning: '_' used as an identifier
    [javac]         currentMenu =  new JMenu(_(targetPlatform.getPreferences().get("name")));
    [javac]                                  ^
    [javac]   (use of '_' as an identifier might not be supported in releases after Java SE 8)
    [javac] D:\Dropbox\GadgetFactory\GadgetFactory_Engineering\ZAP--ZPUino-Arduino-Papilio--IDE\app\src\processing\app\Base.java:1334: warning: '_' used as an identifier
    [javac]               JMenu menu = makeOrGetBoardMenu(toolsMenu, _(targetPlatform.getCustomMenus().getValueOf(customMenuID)));
    [javac]                                                          ^
    [javac]   (use of '_' as an identifier might not be supported in releases after Java SE 8)
    [javac] D:\Dropbox\GadgetFactory\GadgetFactory_Engineering\ZAP--ZPUino-Arduino-Papilio--IDE\app\src\processing\app\Base.java:1341: warning: '_' used as an identifier
    [javac]                   Action subAction = new AbstractAction(_(boardCustomMenu.getValueOf(customMenuOption))) {
    [javac]                                                         ^
    [javac]   (use of '_' as an identifier might not be supported in releases after Java SE 8)
    [javac] D:\Dropbox\GadgetFactory\GadgetFactory_Engineering\ZAP--ZPUino-Arduino-Papilio--IDE\app\src\processing\app\Base.java:1559: warning: '_' used as an identifier
    [javac]           showWarning(_("Sketch Does Not Exist"),
    [javac]                       ^
    [javac]   (use of '_' as an identifier might not be supported in releases after Java SE 8)
    [javac] D:\Dropbox\GadgetFactory\GadgetFactory_Engineering\ZAP--ZPUino-Arduino-Papilio--IDE\app\src\processing\app\Base.java:1560: warning: '_' used as an identifier
    [javac]                       _("The selected sketch no longer exists.\n"
    [javac]                       ^
    [javac]   (use of '_' as an identifier might not be supported in releases after Java SE 8)
    [javac] D:\Dropbox\GadgetFactory\GadgetFactory_Engineering\ZAP--ZPUino-Arduino-Papilio--IDE\app\src\processing\app\Base.java:1578: warning: '_' used as an identifier
    [javac]                       _("The sketch \"{0}\" cannot be used.\n"
    [javac]                       ^
    [javac]   (use of '_' as an identifier might not be supported in releases after Java SE 8)
    [javac] D:\Dropbox\GadgetFactory\GadgetFactory_Engineering\ZAP--ZPUino-Arduino-Papilio--IDE\app\src\processing\app\Base.java:1584: warning: '_' used as an identifier
    [javac]           Base.showMessage(_("Ignoring sketch with bad name"), complaining);
    [javac]                            ^
    [javac]   (use of '_' as an identifier might not be supported in releases after Java SE 8)
    [javac] D:\Dropbox\GadgetFactory\GadgetFactory_Engineering\ZAP--ZPUino-Arduino-Papilio--IDE\app\src\processing\app\Base.java:1619: warning: '_' used as an identifier
    [javac]           showWarning(_("Error"), I18n.format("Unable to list header files in {0}", jarPath), e);
    [javac]                       ^
    [javac]   (use of '_' as an identifier might not be supported in releases after Java SE 8)
    [javac] D:\Dropbox\GadgetFactory\GadgetFactory_Engineering\ZAP--ZPUino-Arduino-Papilio--IDE\app\src\processing\app\Base.java:1833: warning: '_' used as an identifier
    [javac]         showError(_("Problem getting data folder"),
    [javac]                   ^
    [javac]   (use of '_' as an identifier might not be supported in releases after Java SE 8)
    [javac] D:\Dropbox\GadgetFactory\GadgetFactory_Engineering\ZAP--ZPUino-Arduino-Papilio--IDE\app\src\processing\app\Base.java:1834: warning: '_' used as an identifier
    [javac]                   _("Error getting the Arduino data folder."), e);
    [javac]                   ^
    [javac]   (use of '_' as an identifier might not be supported in releases after Java SE 8)
    [javac] D:\Dropbox\GadgetFactory\GadgetFactory_Engineering\ZAP--ZPUino-Arduino-Papilio--IDE\app\src\processing\app\Base.java:1841: warning: '_' used as an identifier
    [javac]         showError(_("Settings issues"),
    [javac]                   ^
    [javac]   (use of '_' as an identifier might not be supported in releases after Java SE 8)
    [javac] D:\Dropbox\GadgetFactory\GadgetFactory_Engineering\ZAP--ZPUino-Arduino-Papilio--IDE\app\src\processing\app\Base.java:1842: warning: '_' used as an identifier
    [javac]                 _("Arduino cannot run because it could not\n" +
    [javac]                 ^
    [javac]   (use of '_' as an identifier might not be supported in releases after Java SE 8)
    [javac] D:\Dropbox\GadgetFactory\GadgetFactory_Engineering\ZAP--ZPUino-Arduino-Papilio--IDE\app\src\processing\app\Base.java:2026: warning: '_' used as an identifier
    [javac]         freadme.write(_("For information on installing libraries, see: " +
    [javac]                       ^
    [javac]   (use of '_' as an identifier might not be supported in releases after Java SE 8)
    [javac] D:\Dropbox\GadgetFactory\GadgetFactory_Engineering\ZAP--ZPUino-Arduino-Papilio--IDE\app\src\processing\app\Base.java:2066: warning: '_' used as an identifier
    [javac]       showError(_("You forgot your sketchbook"),
    [javac]                 ^
    [javac]   (use of '_' as an identifier might not be supported in releases after Java SE 8)
    [javac] D:\Dropbox\GadgetFactory\GadgetFactory_Engineering\ZAP--ZPUino-Arduino-Papilio--IDE\app\src\processing\app\Base.java:2067: warning: '_' used as an identifier
    [javac]                 _("Arduino cannot run because it could not\n" +
    [javac]                 ^
    [javac]   (use of '_' as an identifier might not be supported in releases after Java SE 8)
    [javac] D:\Dropbox\GadgetFactory\GadgetFactory_Engineering\ZAP--ZPUino-Arduino-Papilio--IDE\app\src\processing\app\Base.java:2087: warning: '_' used as an identifier
    [javac]     String prompt = _("Select (or create new) folder for sketches...");
    [javac]                     ^
    [javac]   (use of '_' as an identifier might not be supported in releases after Java SE 8)
    [javac] D:\Dropbox\GadgetFactory\GadgetFactory_Engineering\ZAP--ZPUino-Arduino-Papilio--IDE\app\src\processing\app\Base.java:2146: warning: '_' used as an identifier
    [javac]       showWarning(_("Problem Opening URL"),
    [javac]                   ^
    [javac]   (use of '_' as an identifier might not be supported in releases after Java SE 8)
    [javac] D:\Dropbox\GadgetFactory\GadgetFactory_Engineering\ZAP--ZPUino-Arduino-Papilio--IDE\app\src\processing\app\Base.java:2147: warning: '_' used as an identifier
    [javac]                   I18n.format(_("Could not open the URL\n{0}"), url), e);
    [javac]                               ^
    [javac]   (use of '_' as an identifier might not be supported in releases after Java SE 8)
    [javac] D:\Dropbox\GadgetFactory\GadgetFactory_Engineering\ZAP--ZPUino-Arduino-Papilio--IDE\app\src\processing\app\Base.java:2170: warning: '_' used as an identifier
    [javac]       showWarning(_("Problem Opening Folder"),
    [javac]                   ^
    [javac]   (use of '_' as an identifier might not be supported in releases after Java SE 8)
    [javac] D:\Dropbox\GadgetFactory\GadgetFactory_Engineering\ZAP--ZPUino-Arduino-Papilio--IDE\app\src\processing\app\Base.java:2171: warning: '_' used as an identifier
    [javac]                   I18n.format(_("Could not open the folder\n{0}"), file.getAbsolutePath()), e);
    [javac]                               ^
    [javac]   (use of '_' as an identifier might not be supported in releases after Java SE 8)
    [javac] D:\Dropbox\GadgetFactory\GadgetFactory_Engineering\ZAP--ZPUino-Arduino-Papilio--IDE\app\src\processing\app\Base.java:2284: warning: '_' used as an identifier
    [javac]       Base.showReference(_("Guide_MacOSX.html"));
    [javac]                          ^
    [javac]   (use of '_' as an identifier might not be supported in releases after Java SE 8)
    [javac] D:\Dropbox\GadgetFactory\GadgetFactory_Engineering\ZAP--ZPUino-Arduino-Papilio--IDE\app\src\processing\app\Base.java:2286: warning: '_' used as an identifier
    [javac]       Base.showReference(_("Guide_Windows.html"));
    [javac]                          ^
    [javac]   (use of '_' as an identifier might not be supported in releases after Java SE 8)
    [javac] D:\Dropbox\GadgetFactory\GadgetFactory_Engineering\ZAP--ZPUino-Arduino-Papilio--IDE\app\src\processing\app\Base.java:2288: warning: '_' used as an identifier
    [javac]       Base.openURL(_("http://www.arduino.cc/playground/Learning/Linux"));
    [javac]                    ^
    [javac]   (use of '_' as an identifier might not be supported in releases after Java SE 8)
    [javac] D:\Dropbox\GadgetFactory\GadgetFactory_Engineering\ZAP--ZPUino-Arduino-Papilio--IDE\app\src\processing\app\Base.java:2293: warning: '_' used as an identifier
    [javac]     showReference(_("index.html"));
    [javac]                   ^
    [javac]   (use of '_' as an identifier might not be supported in releases after Java SE 8)
    [javac] D:\Dropbox\GadgetFactory\GadgetFactory_Engineering\ZAP--ZPUino-Arduino-Papilio--IDE\app\src\processing\app\Base.java:2298: warning: '_' used as an identifier
    [javac]     showReference(_("Guide_Environment.html"));
    [javac]                   ^
    [javac]   (use of '_' as an identifier might not be supported in releases after Java SE 8)
    [javac] D:\Dropbox\GadgetFactory\GadgetFactory_Engineering\ZAP--ZPUino-Arduino-Papilio--IDE\app\src\processing\app\Base.java:2303: warning: '_' used as an identifier
    [javac]     showReference(_("environment") + File.separator + _("platforms.html"));
    [javac]                   ^
    [javac]   (use of '_' as an identifier might not be supported in releases after Java SE 8)
    [javac] D:\Dropbox\GadgetFactory\GadgetFactory_Engineering\ZAP--ZPUino-Arduino-Papilio--IDE\app\src\processing\app\Base.java:2303: warning: '_' used as an identifier
    [javac]     showReference(_("environment") + File.separator + _("platforms.html"));
    [javac]                                                       ^
    [javac]   (use of '_' as an identifier might not be supported in releases after Java SE 8)
    [javac] D:\Dropbox\GadgetFactory\GadgetFactory_Engineering\ZAP--ZPUino-Arduino-Papilio--IDE\app\src\processing\app\Base.java:2308: warning: '_' used as an identifier
    [javac]     showReference(_("Guide_Troubleshooting.html"));
    [javac]                   ^
    [javac]   (use of '_' as an identifier might not be supported in releases after Java SE 8)
    [javac] D:\Dropbox\GadgetFactory\GadgetFactory_Engineering\ZAP--ZPUino-Arduino-Papilio--IDE\app\src\processing\app\Base.java:2313: warning: '_' used as an identifier
    [javac]     showReference(_("FAQ.html"));
    [javac]                   ^
    [javac]   (use of '_' as an identifier might not be supported in releases after Java SE 8)
    [javac] D:\Dropbox\GadgetFactory\GadgetFactory_Engineering\ZAP--ZPUino-Arduino-Papilio--IDE\app\src\processing\app\Base.java:2325: warning: '_' used as an identifier
    [javac]     if (title == null) title = _("Message");
    [javac]                                ^
    [javac]   (use of '_' as an identifier might not be supported in releases after Java SE 8)
    [javac] D:\Dropbox\GadgetFactory\GadgetFactory_Engineering\ZAP--ZPUino-Arduino-Papilio--IDE\app\src\processing\app\Base.java:2341: warning: '_' used as an identifier
    [javac]     if (title == null) title = _("Warning");
    [javac]                                ^
    [javac]   (use of '_' as an identifier might not be supported in releases after Java SE 8)
    [javac] D:\Dropbox\GadgetFactory\GadgetFactory_Engineering\ZAP--ZPUino-Arduino-Papilio--IDE\app\src\processing\app\Base.java:2360: warning: '_' used as an identifier
    [javac]     if (title == null) title = _("Error");
    [javac]                                ^
    [javac]   (use of '_' as an identifier might not be supported in releases after Java SE 8)
    [javac] D:\Dropbox\GadgetFactory\GadgetFactory_Engineering\ZAP--ZPUino-Arduino-Papilio--IDE\app\src\processing\app\Base.java:2699: warning: '_' used as an identifier
    [javac] 	    _("Could not remove old version of {0}"),
    [javac] 	    ^
    [javac]   (use of '_' as an identifier might not be supported in releases after Java SE 8)
    [javac] D:\Dropbox\GadgetFactory\GadgetFactory_Engineering\ZAP--ZPUino-Arduino-Papilio--IDE\app\src\processing\app\Base.java:2709: warning: '_' used as an identifier
    [javac] 	  _("Could not replace {0}"),
    [javac] 	  ^
    [javac]   (use of '_' as an identifier might not be supported in releases after Java SE 8)
    [javac] D:\Dropbox\GadgetFactory\GadgetFactory_Engineering\ZAP--ZPUino-Arduino-Papilio--IDE\app\src\processing\app\Base.java:2750: warning: '_' used as an identifier
    [javac]         System.err.println(I18n.format(_("Could not delete {0}"), dir));
    [javac]                                        ^
    [javac]   (use of '_' as an identifier might not be supported in releases after Java SE 8)
    [javac] D:\Dropbox\GadgetFactory\GadgetFactory_Engineering\ZAP--ZPUino-Arduino-Papilio--IDE\app\src\processing\app\Base.java:2773: warning: '_' used as an identifier
    [javac] 	    System.err.println(I18n.format(_("Could not delete {0}"), dead));
    [javac] 	                                   ^
    [javac]   (use of '_' as an identifier might not be supported in releases after Java SE 8)
    [javac] D:\Dropbox\GadgetFactory\GadgetFactory_Engineering\ZAP--ZPUino-Arduino-Papilio--IDE\app\src\processing\app\Base.java:3071: warning: '_' used as an identifier
    [javac]     fileChooser.setDialogTitle(_("Select a zip file or a folder containing the library you'd like to add"));
    [javac]                                ^
    [javac]   (use of '_' as an identifier might not be supported in releases after Java SE 8)
    [javac] D:\Dropbox\GadgetFactory\GadgetFactory_Engineering\ZAP--ZPUino-Arduino-Papilio--IDE\app\src\processing\app\Base.java:3073: warning: '_' used as an identifier
    [javac]     fileChooser.setFileFilter(new FileNameExtensionFilter(_("ZIP files or folders"), "zip"));
    [javac]                                                           ^
    [javac]   (use of '_' as an identifier might not be supported in releases after Java SE 8)
    [javac] D:\Dropbox\GadgetFactory\GadgetFactory_Engineering\ZAP--ZPUino-Arduino-Papilio--IDE\app\src\processing\app\Base.java:3096: warning: '_' used as an identifier
    [javac]             throw new IOException(_("Zip doesn't contain a library"));
    [javac]                                   ^
    [javac]   (use of '_' as an identifier might not be supported in releases after Java SE 8)
    [javac] D:\Dropbox\GadgetFactory\GadgetFactory_Engineering\ZAP--ZPUino-Arduino-Papilio--IDE\app\src\processing\app\Base.java:3109: warning: '_' used as an identifier
    [javac]         String mess = I18n.format(_("The library \"{0}\" cannot be used.\n"
    [javac]                                   ^
    [javac]   (use of '_' as an identifier might not be supported in releases after Java SE 8)
    [javac] D:\Dropbox\GadgetFactory\GadgetFactory_Engineering\ZAP--ZPUino-Arduino-Papilio--IDE\app\src\processing\app\Base.java:3120: warning: '_' used as an identifier
    [javac]         editor.statusError(I18n.format(_("A library named {0} already exists"), sourceFile.getName()));
    [javac]                                        ^
    [javac]   (use of '_' as an identifier might not be supported in releases after Java SE 8)
    [javac] D:\Dropbox\GadgetFactory\GadgetFactory_Engineering\ZAP--ZPUino-Arduino-Papilio--IDE\app\src\processing\app\Base.java:3144: warning: '_' used as an identifier
    [javac]       editor.statusNotice(_("Library added to your libraries. Check \"Import library\" menu"));
    [javac]                           ^
    [javac]   (use of '_' as an identifier might not be supported in releases after Java SE 8)
    [javac] 72 warnings
     [copy] Copying 42 files to D:\Dropbox\GadgetFactory\GadgetFactory_Engineering\ZAP--ZPUino-Arduino-Papilio--IDE\app\bin
     [copy] Copying D:\Dropbox\GadgetFactory\GadgetFactory_Engineering\ZAP--ZPUino-Arduino-Papilio--IDE\app\src\processing\app\Resources_an.properties to D:\Dropbox\GadgetFactory\GadgetFactory_Engineering\ZAP--ZPUino-Arduino-Papilio--IDE\app\bin\processing\app\Resources_an.properties
     [copy] Copying D:\Dropbox\GadgetFactory\GadgetFactory_Engineering\ZAP--ZPUino-Arduino-Papilio--IDE\app\src\processing\app\Resources_ar.properties to D:\Dropbox\GadgetFactory\GadgetFactory_Engineering\ZAP--ZPUino-Arduino-Papilio--IDE\app\bin\processing\app\Resources_ar.properties
     [copy] Copying D:\Dropbox\GadgetFactory\GadgetFactory_Engineering\ZAP--ZPUino-Arduino-Papilio--IDE\app\src\processing\app\Resources_bg.properties to D:\Dropbox\GadgetFactory\GadgetFactory_Engineering\ZAP--ZPUino-Arduino-Papilio--IDE\app\bin\processing\app\Resources_bg.properties
     [copy] Copying D:\Dropbox\GadgetFactory\GadgetFactory_Engineering\ZAP--ZPUino-Arduino-Papilio--IDE\app\src\processing\app\Resources_ca.properties to D:\Dropbox\GadgetFactory\GadgetFactory_Engineering\ZAP--ZPUino-Arduino-Papilio--IDE\app\bin\processing\app\Resources_ca.properties
     [copy] Copying D:\Dropbox\GadgetFactory\GadgetFactory_Engineering\ZAP--ZPUino-Arduino-Papilio--IDE\app\src\processing\app\Resources_cs_cz.properties to D:\Dropbox\GadgetFactory\GadgetFactory_Engineering\ZAP--ZPUino-Arduino-Papilio--IDE\app\bin\processing\app\Resources_cs_cz.properties
     [copy] Copying D:\Dropbox\GadgetFactory\GadgetFactory_Engineering\ZAP--ZPUino-Arduino-Papilio--IDE\app\src\processing\app\Resources_da.properties to D:\Dropbox\GadgetFactory\GadgetFactory_Engineering\ZAP--ZPUino-Arduino-Papilio--IDE\app\bin\processing\app\Resources_da.properties
     [copy] Copying D:\Dropbox\GadgetFactory\GadgetFactory_Engineering\ZAP--ZPUino-Arduino-Papilio--IDE\app\src\processing\app\Resources_de.properties to D:\Dropbox\GadgetFactory\GadgetFactory_Engineering\ZAP--ZPUino-Arduino-Papilio--IDE\app\bin\processing\app\Resources_de.properties
     [copy] Copying D:\Dropbox\GadgetFactory\GadgetFactory_Engineering\ZAP--ZPUino-Arduino-Papilio--IDE\app\src\processing\app\Resources_el.properties to D:\Dropbox\GadgetFactory\GadgetFactory_Engineering\ZAP--ZPUino-Arduino-Papilio--IDE\app\bin\processing\app\Resources_el.properties
     [copy] Copying D:\Dropbox\GadgetFactory\GadgetFactory_Engineering\ZAP--ZPUino-Arduino-Papilio--IDE\app\src\processing\app\Resources_en.properties to D:\Dropbox\GadgetFactory\GadgetFactory_Engineering\ZAP--ZPUino-Arduino-Papilio--IDE\app\bin\processing\app\Resources_en.properties
     [copy] Copying D:\Dropbox\GadgetFactory\GadgetFactory_Engineering\ZAP--ZPUino-Arduino-Papilio--IDE\app\src\processing\app\Resources_es.properties to D:\Dropbox\GadgetFactory\GadgetFactory_Engineering\ZAP--ZPUino-Arduino-Papilio--IDE\app\bin\processing\app\Resources_es.properties
     [copy] Copying D:\Dropbox\GadgetFactory\GadgetFactory_Engineering\ZAP--ZPUino-Arduino-Papilio--IDE\app\src\processing\app\Resources_et.properties to D:\Dropbox\GadgetFactory\GadgetFactory_Engineering\ZAP--ZPUino-Arduino-Papilio--IDE\app\bin\processing\app\Resources_et.properties
     [copy] Copying D:\Dropbox\GadgetFactory\GadgetFactory_Engineering\ZAP--ZPUino-Arduino-Papilio--IDE\app\src\processing\app\Resources_fa.properties to D:\Dropbox\GadgetFactory\GadgetFactory_Engineering\ZAP--ZPUino-Arduino-Papilio--IDE\app\bin\processing\app\Resources_fa.properties
     [copy] Copying D:\Dropbox\GadgetFactory\GadgetFactory_Engineering\ZAP--ZPUino-Arduino-Papilio--IDE\app\src\processing\app\Resources_fr.properties to D:\Dropbox\GadgetFactory\GadgetFactory_Engineering\ZAP--ZPUino-Arduino-Papilio--IDE\app\bin\processing\app\Resources_fr.properties
     [copy] Copying D:\Dropbox\GadgetFactory\GadgetFactory_Engineering\ZAP--ZPUino-Arduino-Papilio--IDE\app\src\processing\app\Resources_fr_ca.properties to D:\Dropbox\GadgetFactory\GadgetFactory_Engineering\ZAP--ZPUino-Arduino-Papilio--IDE\app\bin\processing\app\Resources_fr_ca.properties
     [copy] Copying D:\Dropbox\GadgetFactory\GadgetFactory_Engineering\ZAP--ZPUino-Arduino-Papilio--IDE\app\src\processing\app\Resources_gl.properties to D:\Dropbox\GadgetFactory\GadgetFactory_Engineering\ZAP--ZPUino-Arduino-Papilio--IDE\app\bin\processing\app\Resources_gl.properties
     [copy] Copying D:\Dropbox\GadgetFactory\GadgetFactory_Engineering\ZAP--ZPUino-Arduino-Papilio--IDE\app\src\processing\app\Resources_hi.properties to D:\Dropbox\GadgetFactory\GadgetFactory_Engineering\ZAP--ZPUino-Arduino-Papilio--IDE\app\bin\processing\app\Resources_hi.properties
     [copy] Copying D:\Dropbox\GadgetFactory\GadgetFactory_Engineering\ZAP--ZPUino-Arduino-Papilio--IDE\app\src\processing\app\Resources_hr_hr.properties to D:\Dropbox\GadgetFactory\GadgetFactory_Engineering\ZAP--ZPUino-Arduino-Papilio--IDE\app\bin\processing\app\Resources_hr_hr.properties
     [copy] Copying D:\Dropbox\GadgetFactory\GadgetFactory_Engineering\ZAP--ZPUino-Arduino-Papilio--IDE\app\src\processing\app\Resources_hu.properties to D:\Dropbox\GadgetFactory\GadgetFactory_Engineering\ZAP--ZPUino-Arduino-Papilio--IDE\app\bin\processing\app\Resources_hu.properties
     [copy] Copying D:\Dropbox\GadgetFactory\GadgetFactory_Engineering\ZAP--ZPUino-Arduino-Papilio--IDE\app\src\processing\app\Resources_id.properties to D:\Dropbox\GadgetFactory\GadgetFactory_Engineering\ZAP--ZPUino-Arduino-Papilio--IDE\app\bin\processing\app\Resources_id.properties
     [copy] Copying D:\Dropbox\GadgetFactory\GadgetFactory_Engineering\ZAP--ZPUino-Arduino-Papilio--IDE\app\src\processing\app\Resources_it.properties to D:\Dropbox\GadgetFactory\GadgetFactory_Engineering\ZAP--ZPUino-Arduino-Papilio--IDE\app\bin\processing\app\Resources_it.properties
     [copy] Copying D:\Dropbox\GadgetFactory\GadgetFactory_Engineering\ZAP--ZPUino-Arduino-Papilio--IDE\app\src\processing\app\Resources_iw.properties to D:\Dropbox\GadgetFactory\GadgetFactory_Engineering\ZAP--ZPUino-Arduino-Papilio--IDE\app\bin\processing\app\Resources_iw.properties
     [copy] Copying D:\Dropbox\GadgetFactory\GadgetFactory_Engineering\ZAP--ZPUino-Arduino-Papilio--IDE\app\src\processing\app\Resources_ja.properties to D:\Dropbox\GadgetFactory\GadgetFactory_Engineering\ZAP--ZPUino-Arduino-Papilio--IDE\app\bin\processing\app\Resources_ja.properties
     [copy] Copying D:\Dropbox\GadgetFactory\GadgetFactory_Engineering\ZAP--ZPUino-Arduino-Papilio--IDE\app\src\processing\app\Resources_ka_ge.properties to D:\Dropbox\GadgetFactory\GadgetFactory_Engineering\ZAP--ZPUino-Arduino-Papilio--IDE\app\bin\processing\app\Resources_ka_ge.properties
     [copy] Copying D:\Dropbox\GadgetFactory\GadgetFactory_Engineering\ZAP--ZPUino-Arduino-Papilio--IDE\app\src\processing\app\Resources_ko.properties to D:\Dropbox\GadgetFactory\GadgetFactory_Engineering\ZAP--ZPUino-Arduino-Papilio--IDE\app\bin\processing\app\Resources_ko.properties
     [copy] Copying D:\Dropbox\GadgetFactory\GadgetFactory_Engineering\ZAP--ZPUino-Arduino-Papilio--IDE\app\src\processing\app\Resources_lt.properties to D:\Dropbox\GadgetFactory\GadgetFactory_Engineering\ZAP--ZPUino-Arduino-Papilio--IDE\app\bin\processing\app\Resources_lt.properties
     [copy] Copying D:\Dropbox\GadgetFactory\GadgetFactory_Engineering\ZAP--ZPUino-Arduino-Papilio--IDE\app\src\processing\app\Resources_lv.properties to D:\Dropbox\GadgetFactory\GadgetFactory_Engineering\ZAP--ZPUino-Arduino-Papilio--IDE\app\bin\processing\app\Resources_lv.properties
     [copy] Copying D:\Dropbox\GadgetFactory\GadgetFactory_Engineering\ZAP--ZPUino-Arduino-Papilio--IDE\app\src\processing\app\Resources_mr.properties to D:\Dropbox\GadgetFactory\GadgetFactory_Engineering\ZAP--ZPUino-Arduino-Papilio--IDE\app\bin\processing\app\Resources_mr.properties
     [copy] Copying D:\Dropbox\GadgetFactory\GadgetFactory_Engineering\ZAP--ZPUino-Arduino-Papilio--IDE\app\src\processing\app\Resources_nb_no.properties to D:\Dropbox\GadgetFactory\GadgetFactory_Engineering\ZAP--ZPUino-Arduino-Papilio--IDE\app\bin\processing\app\Resources_nb_no.properties
     [copy] Copying D:\Dropbox\GadgetFactory\GadgetFactory_Engineering\ZAP--ZPUino-Arduino-Papilio--IDE\app\src\processing\app\Resources_nl.properties to D:\Dropbox\GadgetFactory\GadgetFactory_Engineering\ZAP--ZPUino-Arduino-Papilio--IDE\app\bin\processing\app\Resources_nl.properties
     [copy] Copying D:\Dropbox\GadgetFactory\GadgetFactory_Engineering\ZAP--ZPUino-Arduino-Papilio--IDE\app\src\processing\app\Resources_no_nb.properties to D:\Dropbox\GadgetFactory\GadgetFactory_Engineering\ZAP--ZPUino-Arduino-Papilio--IDE\app\bin\processing\app\Resources_no_nb.properties
     [copy] Copying D:\Dropbox\GadgetFactory\GadgetFactory_Engineering\ZAP--ZPUino-Arduino-Papilio--IDE\app\src\processing\app\Resources_pl.properties to D:\Dropbox\GadgetFactory\GadgetFactory_Engineering\ZAP--ZPUino-Arduino-Papilio--IDE\app\bin\processing\app\Resources_pl.properties
     [copy] Copying D:\Dropbox\GadgetFactory\GadgetFactory_Engineering\ZAP--ZPUino-Arduino-Papilio--IDE\app\src\processing\app\Resources_pt_br.properties to D:\Dropbox\GadgetFactory\GadgetFactory_Engineering\ZAP--ZPUino-Arduino-Papilio--IDE\app\bin\processing\app\Resources_pt_br.properties
     [copy] Copying D:\Dropbox\GadgetFactory\GadgetFactory_Engineering\ZAP--ZPUino-Arduino-Papilio--IDE\app\src\processing\app\Resources_pt_pt.properties to D:\Dropbox\GadgetFactory\GadgetFactory_Engineering\ZAP--ZPUino-Arduino-Papilio--IDE\app\bin\processing\app\Resources_pt_pt.properties
     [copy] Copying D:\Dropbox\GadgetFactory\GadgetFactory_Engineering\ZAP--ZPUino-Arduino-Papilio--IDE\app\src\processing\app\Resources_ro.properties to D:\Dropbox\GadgetFactory\GadgetFactory_Engineering\ZAP--ZPUino-Arduino-Papilio--IDE\app\bin\processing\app\Resources_ro.properties
     [copy] Copying D:\Dropbox\GadgetFactory\GadgetFactory_Engineering\ZAP--ZPUino-Arduino-Papilio--IDE\app\src\processing\app\Resources_ru.properties to D:\Dropbox\GadgetFactory\GadgetFactory_Engineering\ZAP--ZPUino-Arduino-Papilio--IDE\app\bin\processing\app\Resources_ru.properties
     [copy] Copying D:\Dropbox\GadgetFactory\GadgetFactory_Engineering\ZAP--ZPUino-Arduino-Papilio--IDE\app\src\processing\app\Resources_sl.properties to D:\Dropbox\GadgetFactory\GadgetFactory_Engineering\ZAP--ZPUino-Arduino-Papilio--IDE\app\bin\processing\app\Resources_sl.properties
     [copy] Copying D:\Dropbox\GadgetFactory\GadgetFactory_Engineering\ZAP--ZPUino-Arduino-Papilio--IDE\app\src\processing\app\Resources_ta.properties to D:\Dropbox\GadgetFactory\GadgetFactory_Engineering\ZAP--ZPUino-Arduino-Papilio--IDE\app\bin\processing\app\Resources_ta.properties
     [copy] Copying D:\Dropbox\GadgetFactory\GadgetFactory_Engineering\ZAP--ZPUino-Arduino-Papilio--IDE\app\src\processing\app\Resources_tl.properties to D:\Dropbox\GadgetFactory\GadgetFactory_Engineering\ZAP--ZPUino-Arduino-Papilio--IDE\app\bin\processing\app\Resources_tl.properties
     [copy] Copying D:\Dropbox\GadgetFactory\GadgetFactory_Engineering\ZAP--ZPUino-Arduino-Papilio--IDE\app\src\processing\app\Resources_tr.properties to D:\Dropbox\GadgetFactory\GadgetFactory_Engineering\ZAP--ZPUino-Arduino-Papilio--IDE\app\bin\processing\app\Resources_tr.properties
     [copy] Copying D:\Dropbox\GadgetFactory\GadgetFactory_Engineering\ZAP--ZPUino-Arduino-Papilio--IDE\app\src\processing\app\Resources_uk.properties to D:\Dropbox\GadgetFactory\GadgetFactory_Engineering\ZAP--ZPUino-Arduino-Papilio--IDE\app\bin\processing\app\Resources_uk.properties
     [copy] Copying D:\Dropbox\GadgetFactory\GadgetFactory_Engineering\ZAP--ZPUino-Arduino-Papilio--IDE\app\src\processing\app\Resources_zh_cn.properties to D:\Dropbox\GadgetFactory\GadgetFactory_Engineering\ZAP--ZPUino-Arduino-Papilio--IDE\app\bin\processing\app\Resources_zh_cn.properties
     [copy] Copying D:\Dropbox\GadgetFactory\GadgetFactory_Engineering\ZAP--ZPUino-Arduino-Papilio--IDE\app\src\processing\app\Resources_zh_tw.properties to D:\Dropbox\GadgetFactory\GadgetFactory_Engineering\ZAP--ZPUino-Arduino-Papilio--IDE\app\bin\processing\app\Resources_zh_tw.properties

test:
     [copy] Copying 5 files to D:\Dropbox\GadgetFactory\GadgetFactory_Engineering\ZAP--ZPUino-Arduino-Papilio--IDE\app\test-bin
     [copy] Copying D:\Dropbox\GadgetFactory\GadgetFactory_Engineering\ZAP--ZPUino-Arduino-Papilio--IDE\app\test\Keypad_mac.zip to D:\Dropbox\GadgetFactory\GadgetFactory_Engineering\ZAP--ZPUino-Arduino-Papilio--IDE\app\test-bin\Keypad_mac.zip
     [copy] Copying D:\Dropbox\GadgetFactory\GadgetFactory_Engineering\ZAP--ZPUino-Arduino-Papilio--IDE\app\test\Keypad_with_hidden_files.zip to D:\Dropbox\GadgetFactory\GadgetFactory_Engineering\ZAP--ZPUino-Arduino-Papilio--IDE\app\test-bin\Keypad_with_hidden_files.zip
     [copy] Copying D:\Dropbox\GadgetFactory\GadgetFactory_Engineering\ZAP--ZPUino-Arduino-Papilio--IDE\app\test\Test.zip to D:\Dropbox\GadgetFactory\GadgetFactory_Engineering\ZAP--ZPUino-Arduino-Papilio--IDE\app\test-bin\Test.zip
     [copy] Copying D:\Dropbox\GadgetFactory\GadgetFactory_Engineering\ZAP--ZPUino-Arduino-Papilio--IDE\app\test\Test2.zip to D:\Dropbox\GadgetFactory\GadgetFactory_Engineering\ZAP--ZPUino-Arduino-Papilio--IDE\app\test-bin\Test2.zip
     [copy] Copying D:\Dropbox\GadgetFactory\GadgetFactory_Engineering\ZAP--ZPUino-Arduino-Papilio--IDE\app\test\processing\app\tools\test_partial_boards.txt to D:\Dropbox\GadgetFactory\GadgetFactory_Engineering\ZAP--ZPUino-Arduino-Papilio--IDE\app\test-bin\processing\app\tools\test_partial_boards.txt
    [junit] Running processing.app.I18NTest
    [junit] Tests run: 1, Failures: 0, Errors: 0, Skipped: 0, Time elapsed: 0.213 sec
    [junit] Running processing.app.tools.MapWithSubkeysTest
    [junit] Tests run: 1, Failures: 0, Errors: 0, Skipped: 0, Time elapsed: 0.089 sec
    [junit] Running processing.app.tools.ZipDeflaterTest
    [junit] Tests run: 4, Failures: 0, Errors: 0, Skipped: 0, Time elapsed: 0.299 sec

build:
      [jar] Building jar: D:\Dropbox\GadgetFactory\GadgetFactory_Engineering\ZAP--ZPUino-Arduino-Papilio--IDE\app\pde.jar

windows-build:
     [copy] Copying 1 file to D:\Dropbox\GadgetFactory\GadgetFactory_Engineering\ZAP--ZPUino-Arduino-Papilio--IDE\build\windows\work\lib
    [unzip] Expanding: D:\Dropbox\GadgetFactory\GadgetFactory_Engineering\ZAP--ZPUino-Arduino-Papilio--IDE\build\windows\avr_tools.zip into D:\Dropbox\GadgetFactory\GadgetFactory_Engineering\ZAP--ZPUino-Arduino-Papilio--IDE\build\windows\work\hardware
    [unzip] Expanding: D:\Dropbox\GadgetFactory\GadgetFactory_Engineering\ZAP--ZPUino-Arduino-Papilio--IDE\build\windows\zpu_tools.zip into D:\Dropbox\GadgetFactory\GadgetFactory_Engineering\ZAP--ZPUino-Arduino-Papilio--IDE\build\windows\work\hardware

assemble:
    [unzip] Expanding: D:\Dropbox\GadgetFactory\GadgetFactory_Engineering\ZAP--ZPUino-Arduino-Papilio--IDE\build\shared\reference.zip into D:\Dropbox\GadgetFactory\GadgetFactory_Engineering\ZAP--ZPUino-Arduino-Papilio--IDE\build\windows\work
     [copy] Copying 3 files to D:\Dropbox\GadgetFactory\GadgetFactory_Engineering\ZAP--ZPUino-Arduino-Papilio--IDE\build\windows\work
 [launch4j] Compiling resources
 [launch4j] Linking
 [launch4j] Successfully created D:\Dropbox\GadgetFactory\GadgetFactory_Engineering\ZAP--ZPUino-Arduino-Papilio--IDE\build\windows\work\zap.exe

windows-check-arm-toolchain-distfile:

windows-get-arm-toolchain:

windows-check-arm-toolchain:

windows-unzip-arm-toolchain:

BUILD SUCCESSFUL
Total time: 32 seconds
